#
# There is insufficient memory for the Java Runtime Environment to continue.
# Native memory allocation (mmap) failed to map 132120576 bytes for Failed to commit area from 0x0000000082e00000 to 0x000000008ac00000 of length 132120576.
# Possible reasons:
#   The system is out of physical RAM or swap space
#   The process is running with CompressedOops enabled, and the Java Heap may be blocking the growth of the native heap
# Possible solutions:
#   Reduce memory load on the system
#   Increase physical memory or swap space
#   Check if swap backing store is full
#   Decrease Java heap size (-Xmx/-Xms)
#   Decrease number of Java threads
#   Decrease Java thread stack sizes (-Xss)
#   Set larger code cache with -XX:ReservedCodeCacheSize=
# This output file may be truncated or incomplete.
#
#  Out of Memory Error (./src/hotspot/os/windows/os_windows.cpp:3521), pid=3912, tid=8728
#
# JRE version:  (11.0.12+7) (build )
# Java VM: OpenJDK 64-Bit Server VM (11.0.12+7-b1504.40, mixed mode, sharing, tiered, compressed oops, g1 gc, windows-amd64)
# No core dump will be written. Minidumps are not enabled by default on client versions of Windows
#

---------------  S U M M A R Y ------------

Command Line: git4idea.http.GitAskPassApp Username for 'https://github.com': 

Host: Intel(R) Core(TM) i5-8300H CPU @ 2.30GHz, 8 cores, 7G,  Windows 10 , 64 bit Build 18362 (10.0.18362.86)
Time: Tue Nov  2 13:22:37 2021 Oeieyiaey (ceia) elapsed time: 0.025391 seconds (0d 0h 0m 0s)

---------------  T H R E A D  ---------------

Current thread (0x0000023d9eafe800):  JavaThread "Unknown thread" [_thread_in_vm, id=8728, stack(0x0000004493c00000,0x0000004493d00000)]

Stack: [0x0000004493c00000,0x0000004493d00000]
Native frames: (J=compiled Java code, j=interpreted, Vv=VM code, C=native code)
V  [jvm.dll+0x5ff40a]
V  [jvm.dll+0x783b65]
V  [jvm.dll+0x78517d]
V  [jvm.dll+0x785833]
V  [jvm.dll+0x249408]
V  [jvm.dll+0x5fc7f4]
V  [jvm.dll+0x5f13c5]
V  [jvm.dll+0x3076bb]
V  [jvm.dll+0x30762a]
V  [jvm.dll+0x307502]
V  [jvm.dll+0x30c466]
V  [jvm.dll+0x355543]
V  [jvm.dll+0x355c46]
V  [jvm.dll+0x355643]
V  [jvm.dll+0x2e2018]
V  [jvm.dll+0x2e31c7]
V  [jvm.dll+0x761f57]
V  [jvm.dll+0x76374c]
V  [jvm.dll+0x362ab9]
V  [jvm.dll+0x7455be]
V  [jvm.dll+0x3cb673]
V  [jvm.dll+0x3cda21]
C  [jli.dll+0x536b]
C  [ucrtbase.dll+0x1d912]
C  [KERNEL32.DLL+0x17bd4]
C  [ntdll.dll+0x6ce71]


---------------  P R O C E S S  ---------------

Threads class SMR info:
_java_thread_list=0x0000023d9c9f1fb0, length=0, elements={
}

Java Threads: ( => current thread )

Other Threads:
  0x0000023d9eb16000 GCTaskThread "GC Thread#0" [stack: 0x0000004493d00000,0x0000004493e00000] [id=1672]
  0x0000023d9eb47000 ConcurrentGCThread "G1 Main Marker" [stack: 0x0000004493e00000,0x0000004493f00000] [id=2868]
  0x0000023d9eb49000 ConcurrentGCThread "G1 Conc#0" [stack: 0x0000004493f00000,0x0000004494000000] [id=10776]

[error occurred during error reporting (printing all threads), id 0xc0000005, EXCEPTION_ACCESS_VIOLATION (0xc0000005) at pc=0x00007ff8caf727a7]

VM state:not at safepoint (not fully initialized)

VM Mutex/Monitor currently owned by a thread:  ([mutex/lock_event])
[0x0000023d9eafd580] Heap_lock - owner thread: 0x0000023d9eafe800

Heap address: 0x0000000082e00000, size: 2002 MB, Compressed Oops mode: Non-zero based: 0x0000000082e00000
Narrow klass base: 0x0000000000000000, Narrow klass shift: 0

GC Heap History (0 events):
No events

Deoptimization events (0 events):
No events

Classes redefined (0 events):
No events

Internal exceptions (0 events):
No events

Events (1 events):
Event: 0.006 Loaded shared library C:\Program Files\JetBrains\IntelliJ IDEA Community Edition 2021.2.3\jbr\bin\zip.dll


Dynamic libraries:
0x00007ff6542a0000 - 0x00007ff6542aa000 	C:\Program Files\JetBrains\IntelliJ IDEA Community Edition 2021.2.3\jbr\bin\java.exe
0x00007ff917f60000 - 0x00007ff918150000 	C:\Windows\SYSTEM32\ntdll.dll
0x00007ff9160d0000 - 0x00007ff916182000 	C:\Windows\System32\KERNEL32.DLL
0x00007ff9152a0000 - 0x00007ff915543000 	C:\Windows\System32\KERNELBASE.dll
0x00007ff915d80000 - 0x00007ff915e7a000 	C:\Windows\System32\ucrtbase.dll
0x00007ff8f71c0000 - 0x00007ff8f71d7000 	C:\Program Files\JetBrains\IntelliJ IDEA Community Edition 2021.2.3\jbr\bin\VCRUNTIME140.dll
0x00007ff90ba20000 - 0x00007ff90ba39000 	C:\Program Files\JetBrains\IntelliJ IDEA Community Edition 2021.2.3\jbr\bin\jli.dll
0x00007ff917420000 - 0x00007ff9175b3000 	C:\Windows\System32\USER32.dll
0x00007ff915210000 - 0x00007ff915231000 	C:\Windows\System32\win32u.dll
0x00007ff9175f0000 - 0x00007ff917616000 	C:\Windows\System32\GDI32.dll
0x00007ff90eb40000 - 0x00007ff90edc5000 	C:\Windows\WinSxS\amd64_microsoft.windows.common-controls_6595b64144ccf1df_6.0.18362.207_none_e6c5ae95130e4267\COMCTL32.dll
0x00007ff914f90000 - 0x00007ff915124000 	C:\Windows\System32\gdi32full.dll
0x00007ff917d60000 - 0x00007ff917dfe000 	C:\Windows\System32\msvcrt.dll
0x00007ff914ef0000 - 0x00007ff914f8e000 	C:\Windows\System32\msvcp_win.dll
0x00007ff916570000 - 0x00007ff9168a6000 	C:\Windows\System32\combase.dll
0x00007ff9170c0000 - 0x00007ff9171e0000 	C:\Windows\System32\RPCRT4.dll
0x00007ff915150000 - 0x00007ff9151d1000 	C:\Windows\System32\bcryptPrimitives.dll
0x00007ff9176f0000 - 0x00007ff91771e000 	C:\Windows\System32\IMM32.DLL
0x00007ff8f1a20000 - 0x00007ff8f1abd000 	C:\Program Files\JetBrains\IntelliJ IDEA Community Edition 2021.2.3\jbr\bin\msvcp140.dll
0x00007ff8cac80000 - 0x00007ff8cb7d8000 	C:\Program Files\JetBrains\IntelliJ IDEA Community Edition 2021.2.3\jbr\bin\server\jvm.dll
0x00007ff917e00000 - 0x00007ff917ea3000 	C:\Windows\System32\ADVAPI32.dll
0x00007ff917cc0000 - 0x00007ff917d57000 	C:\Windows\System32\sechost.dll
0x00007ff917f10000 - 0x00007ff917f18000 	C:\Windows\System32\PSAPI.DLL
0x00007ff90e2a0000 - 0x00007ff90e2a9000 	C:\Windows\SYSTEM32\WSOCK32.dll
0x00007ff912140000 - 0x00007ff912164000 	C:\Windows\SYSTEM32\WINMM.dll
0x00007ff9163c0000 - 0x00007ff91642f000 	C:\Windows\System32\WS2_32.dll
0x00007ff910de0000 - 0x00007ff910dea000 	C:\Windows\SYSTEM32\VERSION.dll
0x00007ff912110000 - 0x00007ff91213d000 	C:\Windows\SYSTEM32\WINMMBASE.dll
0x00007ff915e80000 - 0x00007ff915eca000 	C:\Windows\System32\cfgmgr32.dll
0x00007ff914ed0000 - 0x00007ff914ee1000 	C:\Windows\System32\kernel.appcore.dll
0x00007ff9061f0000 - 0x00007ff906201000 	C:\Program Files\JetBrains\IntelliJ IDEA Community Edition 2021.2.3\jbr\bin\verify.dll
0x00007ff900a50000 - 0x00007ff900c44000 	C:\Windows\SYSTEM32\DBGHELP.DLL
0x00007ff900a20000 - 0x00007ff900a4a000 	C:\Windows\SYSTEM32\dbgcore.DLL
0x00007ff8f72f0000 - 0x00007ff8f7319000 	C:\Program Files\JetBrains\IntelliJ IDEA Community Edition 2021.2.3\jbr\bin\java.dll
0x00007ff90c370000 - 0x00007ff90c37b000 	C:\Program Files\JetBrains\IntelliJ IDEA Community Edition 2021.2.3\jbr\bin\jimage.dll
0x00007ff8fd430000 - 0x00007ff8fd448000 	C:\Program Files\JetBrains\IntelliJ IDEA Community Edition 2021.2.3\jbr\bin\zip.dll

dbghelp: loaded successfully - version: 4.0.5 - missing functions: none
symbol engine: initialized successfully - sym options: 0x614 - pdb path: .;C:\Program Files\JetBrains\IntelliJ IDEA Community Edition 2021.2.3\jbr\bin;C:\Windows\SYSTEM32;C:\Windows\WinSxS\amd64_microsoft.windows.common-controls_6595b64144ccf1df_6.0.18362.207_none_e6c5ae95130e4267;C:\Program Files\JetBrains\IntelliJ IDEA Community Edition 2021.2.3\jbr\bin\server

VM Arguments:
java_command: git4idea.http.GitAskPassApp Username for 'https://github.com': 
java_class_path (initial): C:/Program Files/JetBrains/IntelliJ IDEA Community Edition 2021.2.3/plugins/git4idea/lib/git4idea-rt.jar;C:/Program Files/JetBrains/IntelliJ IDEA Community Edition 2021.2.3/lib/3rd-party.jar
Launcher Type: SUN_STANDARD

[Global flags]
     intx CICompilerCount                          = 4                                         {product} {ergonomic}
     uint ConcGCThreads                            = 2                                         {product} {ergonomic}
     uint G1ConcRefinementThreads                  = 8                                         {product} {ergonomic}
   size_t G1HeapRegionSize                         = 1048576                                   {product} {ergonomic}
    uintx GCDrainStackTargetSize                   = 64                                        {product} {ergonomic}
   size_t InitialHeapSize                          = 132120576                                 {product} {ergonomic}
   size_t MarkStackSize                            = 4194304                                   {product} {ergonomic}
   size_t MaxHeapSize                              = 2099249152                                {product} {ergonomic}
   size_t MinHeapDeltaBytes                        = 1048576                                   {product} {ergonomic}
    uintx NonNMethodCodeHeapSize                   = 5836300                                {pd product} {ergonomic}
    uintx NonProfiledCodeHeapSize                  = 122910970                              {pd product} {ergonomic}
    uintx ProfiledCodeHeapSize                     = 122910970                              {pd product} {ergonomic}
    uintx ReservedCodeCacheSize                    = 251658240                              {pd product} {ergonomic}
     bool SegmentedCodeCache                       = true                                      {product} {ergonomic}
     bool UseCompressedClassPointers               = true                                 {lp64_product} {ergonomic}
     bool UseCompressedOops                        = true                                 {lp64_product} {ergonomic}
     bool UseG1GC                                  = true                                      {product} {ergonomic}
     bool UseLargePagesIndividualAllocation        = false                                  {pd product} {ergonomic}

Logging:
Log output configuration:
 #0: stdout all=warning uptime,level,tags
 #1: stderr all=off uptime,level,tags

Environment Variables:
JAVA_HOME=C:\Program Files\Java\jdk-17
PATH=C:\Program Files\Git\mingw64\libexec\git-core;C:\Program Files\Git\mingw64\libexec\git-core;C:\Program Files\Git\mingw64\bin;C:\Program Files\Git\usr\bin;C:\Users\Win10Pro\bin;C:\Windows\system32;C:\Windows;C:\Windows\System32\Wbem;C:\Windows\System32\WindowsPowerShell\v1.0;C:\Windows\System32\OpenSSH;C:\Program Files (x86)\NVIDIA Corporation\PhysX\Common;C:\Program Files\NVIDIA Corporation\NVIDIA NvDLISR;C:\Program Files\Git\;B:\doxygen\bin;C:\Program Files\Apache\Maven\bin\bin;C:\Program Files\Apache\Maven\bin\bin;C:\Program Files\Java\jdk-17\bin;C:\Program Files (x86)\Common Files\Intel\Shared Libraries\redist\intel64_win\compiler;C:\Users\Win10Pro\AppData\Local\Microsoft\WindowsApps;A:\Microsoft VS Code\bin;C:\Program Files\Git\bin";C:\Program Files\Apache\Maven\bin\bin;A:\IntelliJ IDEA 2021.2.3\bin;C:\Program Files\JetBrains\IntelliJ IDEA Community Edition 2021.2.3\bin;C:\Program Files\Apache\Maven\bin\bin;C:\Program Files\Java\jdk-17\bin
USERNAME=Win10Pro
DISPLAY=:0.0
LC_ALL=en_US.UTF-8
OS=Windows_NT
PROCESSOR_IDENTIFIER=Intel64 Family 6 Model 158 Stepping 10, GenuineIntel



---------------  S Y S T E M  ---------------

OS: Windows 10 , 64 bit Build 18362 (10.0.18362.86)
OS uptime: 2 days 0:39 hours

CPU:total 8 (initial active 8) (4 cores per cpu, 2 threads per core) family 6 model 158 stepping 10 microcode 0xb4, cmov, cx8, fxsr, mmx, sse, sse2, sse3, ssse3, sse4.1, sse4.2, popcnt, avx, avx2, aes, clmul, erms, 3dnowpref, lzcnt, ht, tsc, tscinvbit, bmi1, bmi2, adx, fma

Memory: 4k page, system-wide physical 8001M (1034M free)
TotalPageFile size 10049M (AvailPageFile size 130M)
current process WorkingSet (physical memory assigned to process): 9M, peak: 9M
current process commit charge ("private bytes"): 60M, peak: 186M

vm_info: OpenJDK 64-Bit Server VM (11.0.12+7-b1504.40) for windows-amd64 JRE (11.0.12+7-b1504.40), built on Sep 23 2021 14:38:03 by "" with MS VC++ 14.0 (VS2015)

END.
